<?xml version="1.0" encoding="UTF-8"?>
<!-- Generated by org.testng.reporters.JUnitReportReporter -->
<testsuite hostname="MSI" failures="0" tests="2" name="rahulshettyacademy.tests.ErrorValidationsTest" time="45.927" errors="0" timestamp="2024-05-25T10:36:43 EDT" skipped="0">
  <testcase classname="rahulshettyacademy.tests.ErrorValidationsTest" name="LoginErrorValidations" time="6.293"/>
  <testcase classname="rahulshettyacademy.tests.ErrorValidationsTest" name="ProductErrorValidation" time="39.634"/>
</testsuite> <!-- rahulshettyacademy.tests.ErrorValidationsTest -->
